<?xml version="1.0" encoding="UTF-8"?>
<!-- Generated by org.testng.reporters.JUnitXMLReporter -->
<testsuite hostname="PALANIMOHANs-MacBook-Air.local" ignored="7" name="Test2" tests="3" failures="1" timestamp="2021-01-14T13:21:31 IST" time="118.749" errors="0">
  <testcase name="plannedBoardExam" time="55.595" classname="seleniumBootCampTestNG.S20_11_BoardExamSchedule"/>
  <testcase name="createOpportunity" time="28.379" classname="seleniumBootCampTestNG.S20_2_CreateOpportunity"/>
  <testcase name="createTask" time="26.599" classname="seleniumBootCampTestNG.S20_2_CreateOpportunity">
    <failure type="java.lang.AssertionError" message="expected [false] but found [true]">
      <![CDATA[java.lang.AssertionError: expected [false] but found [true]
at seleniumBootCampTestNG.S20_2_CreateOpportunity.createTask(S20_2_CreateOpportunity.java:164)
at java.util.ArrayList.forEach(ArrayList.java:1259)
... Removed 33 stack frames]]>
    </failure>
  </testcase> <!-- createTask -->
  <testcase name="createChart" time="0.0" classname="seleniumBootCampTestNG.S20_46_CreateChart">
    <ignored/>
  </testcase> <!-- createChart -->
  <testcase name="createChartWOMandatory" time="0.0" classname="seleniumBootCampTestNG.S20_32_CreateChartWOMandatroy">
    <ignored/>
  </testcase> <!-- createChartWOMandatory -->
  <testcase name="createAndDeleteDashboard" time="0.0" classname="seleniumBootCampAssessment.FirstAssessment">
    <ignored/>
  </testcase> <!-- createAndDeleteDashboard -->
  <testcase name="editTask" time="0.0" classname="seleniumBootCampTestNG.S20_30_EditTask">
    <ignored/>
  </testcase> <!-- editTask -->
  <testcase name="createRefund" time="0.0" classname="seleniumBootCampTestNG.S20_45_CreateRefund">
    <ignored/>
  </testcase> <!-- createRefund -->
  <testcase name="createTask" time="0.0" classname="seleniumBootCampTestNG.S20_29_CreateTask">
    <ignored/>
  </testcase> <!-- createTask -->
  <testcase name="deletetask" time="0.0" classname="seleniumBootCampTestNG.S20_31_DeleteTask">
    <ignored/>
  </testcase> <!-- deletetask -->
</testsuite> <!-- Test2 -->
